This file contains any messages produced by compilers while
running configure, to aid debugging if configure makes a mistake.

It was created by agate configure 0.1.0, which was
generated by GNU Autoconf 2.69.  Invocation command line was

  $ ./configure 

## --------- ##
## Platform. ##
## --------- ##

hostname = buzz
uname -m = x86_64
uname -r = 3.16.0-37-generic
uname -s = Linux
uname -v = #51 SMP Wed May 6 15:13:49 MSK 2015

/usr/bin/uname -p = unknown
/bin/uname -X     = unknown

/bin/arch              = unknown
/usr/bin/arch -k       = unknown
/usr/convex/getsysinfo = unknown
/usr/bin/hostinfo      = unknown
/bin/machine           = unknown
/usr/bin/oslevel       = unknown
/bin/universe          = unknown

PATH: /usr/local/sbin
PATH: /usr/local/bin
PATH: /usr/sbin
PATH: /usr/bin
PATH: /sbin
PATH: /bin
PATH: /usr/games
PATH: /usr/local/games
PATH: /home/ben/ownCloud/bin
PATH: /home/ben/ownCloud/bin/
PATH: /opt/bioinfo/Gblocks_0.91b
PATH: /opt/bioinfo/Gblocks_0.91b


## ----------- ##
## Core tests. ##
## ----------- ##

configure:1834: checking for a BSD-compatible install
configure:1902: result: /usr/bin/install -c
configure:1913: checking whether build environment is sane
configure:1968: result: yes
configure:2119: checking for a thread-safe mkdir -p
configure:2158: result: /bin/mkdir -p
configure:2165: checking for gawk
configure:2181: found /usr/bin/gawk
configure:2192: result: gawk
configure:2203: checking whether make sets $(MAKE)
configure:2225: result: yes
configure:2254: checking whether make supports nested variables
configure:2271: result: yes
configure:2456: checking for g++
configure:2472: found /usr/bin/g++
configure:2483: result: g++
configure:2510: checking for C++ compiler version
configure:2519: g++ --version >&5
g++ (Ubuntu 4.8.4-2ubuntu1~14.04.1) 4.8.4
Copyright (C) 2013 Free Software Foundation, Inc.
This is free software; see the source for copying conditions.  There is NO
warranty; not even for MERCHANTABILITY or FITNESS FOR A PARTICULAR PURPOSE.

configure:2530: $? = 0
configure:2519: g++ -v >&5
Using built-in specs.
COLLECT_GCC=g++
COLLECT_LTO_WRAPPER=/usr/lib/gcc/x86_64-linux-gnu/4.8/lto-wrapper
Target: x86_64-linux-gnu
Configured with: ../src/configure -v --with-pkgversion='Ubuntu 4.8.4-2ubuntu1~14.04.1' --with-bugurl=file:///usr/share/doc/gcc-4.8/README.Bugs --enable-languages=c,c++,java,go,d,fortran,objc,obj-c++ --prefix=/usr --program-suffix=-4.8 --enable-shared --enable-linker-build-id --libexecdir=/usr/lib --without-included-gettext --enable-threads=posix --with-gxx-include-dir=/usr/include/c++/4.8 --libdir=/usr/lib --enable-nls --with-sysroot=/ --enable-clocale=gnu --enable-libstdcxx-debug --enable-libstdcxx-time=yes --enable-gnu-unique-object --disable-libmudflap --enable-plugin --with-system-zlib --disable-browser-plugin --enable-java-awt=gtk --enable-gtk-cairo --with-java-home=/usr/lib/jvm/java-1.5.0-gcj-4.8-amd64/jre --enable-java-home --with-jvm-root-dir=/usr/lib/jvm/java-1.5.0-gcj-4.8-amd64 --with-jvm-jar-dir=/usr/lib/jvm-exports/java-1.5.0-gcj-4.8-amd64 --with-arch-directory=amd64 --with-ecj-jar=/usr/share/java/eclipse-ecj.jar --enable-objc-gc --enable-multiarch --disable-werror --with-arch-32=i686 --with-abi=m64 --with-multilib-list=m32,m64,mx32 --with-tune=generic --enable-checking=release --build=x86_64-linux-gnu --host=x86_64-linux-gnu --target=x86_64-linux-gnu
Thread model: posix
gcc version 4.8.4 (Ubuntu 4.8.4-2ubuntu1~14.04.1) 
configure:2530: $? = 0
configure:2519: g++ -V >&5
g++: error: unrecognized command line option '-V'
g++: fatal error: no input files
compilation terminated.
configure:2530: $? = 4
configure:2519: g++ -qversion >&5
g++: error: unrecognized command line option '-qversion'
g++: fatal error: no input files
compilation terminated.
configure:2530: $? = 4
configure:2550: checking whether the C++ compiler works
configure:2572: g++    conftest.cpp  >&5
configure:2576: $? = 0
configure:2624: result: yes
configure:2627: checking for C++ compiler default output file name
configure:2629: result: a.out
configure:2635: checking for suffix of executables
configure:2642: g++ -o conftest    conftest.cpp  >&5
configure:2646: $? = 0
configure:2668: result: 
configure:2690: checking whether we are cross compiling
configure:2698: g++ -o conftest    conftest.cpp  >&5
configure:2702: $? = 0
configure:2709: ./conftest
configure:2713: $? = 0
configure:2728: result: no
configure:2733: checking for suffix of object files
configure:2755: g++ -c   conftest.cpp >&5
configure:2759: $? = 0
configure:2780: result: o
configure:2784: checking whether we are using the GNU C++ compiler
configure:2803: g++ -c   conftest.cpp >&5
configure:2803: $? = 0
configure:2812: result: yes
configure:2821: checking whether g++ accepts -g
configure:2841: g++ -c -g  conftest.cpp >&5
configure:2841: $? = 0
configure:2882: result: yes
configure:2916: checking for style of include used by make
configure:2944: result: GNU
configure:2970: checking dependency style of g++
configure:3081: result: gcc3
configure:3096: checking whether make sets $(MAKE)
configure:3118: result: yes
configure:3283: checking that generated files are newer than configure
configure:3289: result: done
configure:3312: creating ./config.status

## ---------------------- ##
## Running config.status. ##
## ---------------------- ##

This file was extended by agate config.status 0.1.0, which was
generated by GNU Autoconf 2.69.  Invocation command line was

  CONFIG_FILES    = 
  CONFIG_HEADERS  = 
  CONFIG_LINKS    = 
  CONFIG_COMMANDS = 
  $ ./config.status 

on buzz

config.status:773: creating Makefile
config.status:773: creating src/Makefile
config.status:945: executing depfiles commands

## ---------------- ##
## Cache variables. ##
## ---------------- ##

ac_cv_cxx_compiler_gnu=yes
ac_cv_env_CCC_set=
ac_cv_env_CCC_value=
ac_cv_env_CPPFLAGS_set=
ac_cv_env_CPPFLAGS_value=
ac_cv_env_CXXFLAGS_set=
ac_cv_env_CXXFLAGS_value=
ac_cv_env_CXX_set=
ac_cv_env_CXX_value=
ac_cv_env_LDFLAGS_set=
ac_cv_env_LDFLAGS_value=
ac_cv_env_LIBS_set=
ac_cv_env_LIBS_value=
ac_cv_env_build_alias_set=
ac_cv_env_build_alias_value=
ac_cv_env_host_alias_set=
ac_cv_env_host_alias_value=
ac_cv_env_target_alias_set=
ac_cv_env_target_alias_value=
ac_cv_objext=o
ac_cv_path_install='/usr/bin/install -c'
ac_cv_path_mkdir=/bin/mkdir
ac_cv_prog_AWK=gawk
ac_cv_prog_ac_ct_CXX=g++
ac_cv_prog_cxx_g=yes
ac_cv_prog_make_make_set=yes
am_cv_CXX_dependencies_compiler_type=gcc3
am_cv_make_support_nested_variables=yes

## ----------------- ##
## Output variables. ##
## ----------------- ##

ACLOCAL='${SHELL} /data/ben/Seafile/Perso/Bio-Informatique/STIC_BIOINFO/M1-sem2/cours/HMSN205_Intro_Algo/TP/agata/missing aclocal-1.14'
AMDEPBACKSLASH='\'
AMDEP_FALSE='#'
AMDEP_TRUE=''
AMTAR='$${TAR-tar}'
AM_BACKSLASH='\'
AM_DEFAULT_V='$(AM_DEFAULT_VERBOSITY)'
AM_DEFAULT_VERBOSITY='1'
AM_V='$(V)'
AUTOCONF='${SHELL} /data/ben/Seafile/Perso/Bio-Informatique/STIC_BIOINFO/M1-sem2/cours/HMSN205_Intro_Algo/TP/agata/missing autoconf'
AUTOHEADER='${SHELL} /data/ben/Seafile/Perso/Bio-Informatique/STIC_BIOINFO/M1-sem2/cours/HMSN205_Intro_Algo/TP/agata/missing autoheader'
AUTOMAKE='${SHELL} /data/ben/Seafile/Perso/Bio-Informatique/STIC_BIOINFO/M1-sem2/cours/HMSN205_Intro_Algo/TP/agata/missing automake-1.14'
AWK='gawk'
CPPFLAGS=''
CXX='g++'
CXXDEPMODE='depmode=gcc3'
CXXFLAGS='-g -O2'
CYGPATH_W='echo'
DEFS='-DPACKAGE_NAME=\"agate\" -DPACKAGE_TARNAME=\"agate\" -DPACKAGE_VERSION=\"0.1.0\" -DPACKAGE_STRING=\"agate\ 0.1.0\" -DPACKAGE_BUGREPORT=\"ben@hetica.fr\" -DPACKAGE_URL=\"\" -DPACKAGE=\"agate\" -DVERSION=\"0.1.0\"'
DEPDIR='.deps'
ECHO_C=''
ECHO_N='-n'
ECHO_T=''
EXEEXT=''
INSTALL_DATA='${INSTALL} -m 644'
INSTALL_PROGRAM='${INSTALL}'
INSTALL_SCRIPT='${INSTALL}'
INSTALL_STRIP_PROGRAM='$(install_sh) -c -s'
LDFLAGS=''
LIBOBJS=''
LIBS=''
LTLIBOBJS=''
MAKEINFO='${SHELL} /data/ben/Seafile/Perso/Bio-Informatique/STIC_BIOINFO/M1-sem2/cours/HMSN205_Intro_Algo/TP/agata/missing makeinfo'
MKDIR_P='/bin/mkdir -p'
OBJEXT='o'
PACKAGE='agate'
PACKAGE_BUGREPORT='ben@hetica.fr'
PACKAGE_NAME='agate'
PACKAGE_STRING='agate 0.1.0'
PACKAGE_TARNAME='agate'
PACKAGE_URL=''
PACKAGE_VERSION='0.1.0'
PATH_SEPARATOR=':'
SET_MAKE=''
SHELL='/bin/bash'
STRIP=''
VERSION='0.1.0'
ac_ct_CXX='g++'
am__EXEEXT_FALSE=''
am__EXEEXT_TRUE='#'
am__fastdepCXX_FALSE='#'
am__fastdepCXX_TRUE=''
am__include='include'
am__isrc=''
am__leading_dot='.'
am__nodep='_no'
am__quote=''
am__tar='$${TAR-tar} chof - "$$tardir"'
am__untar='$${TAR-tar} xf -'
bindir='${exec_prefix}/bin'
build_alias=''
datadir='${datarootdir}'
datarootdir='${prefix}/share'
docdir='${datarootdir}/doc/${PACKAGE_TARNAME}'
dvidir='${docdir}'
exec_prefix='${prefix}'
host_alias=''
htmldir='${docdir}'
includedir='${prefix}/include'
infodir='${datarootdir}/info'
install_sh='${SHELL} /data/ben/Seafile/Perso/Bio-Informatique/STIC_BIOINFO/M1-sem2/cours/HMSN205_Intro_Algo/TP/agata/install-sh'
libdir='${exec_prefix}/lib'
libexecdir='${exec_prefix}/libexec'
localedir='${datarootdir}/locale'
localstatedir='${prefix}/var'
mandir='${datarootdir}/man'
mkdir_p='$(MKDIR_P)'
oldincludedir='/usr/include'
pdfdir='${docdir}'
prefix='/usr/local'
program_transform_name='s,x,x,'
psdir='${docdir}'
sbindir='${exec_prefix}/sbin'
sharedstatedir='${prefix}/com'
sysconfdir='${prefix}/etc'
target_alias=''

## ----------- ##
## confdefs.h. ##
## ----------- ##

/* confdefs.h */
#define PACKAGE_NAME "agate"
#define PACKAGE_TARNAME "agate"
#define PACKAGE_VERSION "0.1.0"
#define PACKAGE_STRING "agate 0.1.0"
#define PACKAGE_BUGREPORT "ben@hetica.fr"
#define PACKAGE_URL ""
#define PACKAGE "agate"
#define VERSION "0.1.0"

configure: exit 0
